2025-09-24T17:22:51.523+05:30  INFO 23756 --- [rideshare-api] [main] c.example.rideshare_api.DriverApiTest    : Starting DriverApiTest using Java 24.0.2 with PID 23756 (started by FUTURE TECH in C:\Users\FUTURE TECH\OneDrive\Desktop\SpringBootProjects\rideshare-api)
2025-09-24T17:22:51.528+05:30  INFO 23756 --- [rideshare-api] [main] c.example.rideshare_api.DriverApiTest    : No active profile set, falling back to 1 default profile: "default"
2025-09-24T17:22:55.900+05:30  INFO 23756 --- [rideshare-api] [main] .s.d.r.c.RepositoryConfigurationDelegate : Bootstrapping Spring Data JPA repositories in DEFAULT mode.
2025-09-24T17:22:56.186+05:30  INFO 23756 --- [rideshare-api] [main] .s.d.r.c.RepositoryConfigurationDelegate : Finished Spring Data repository scanning in 237 ms. Found 2 JPA repository interfaces.
2025-09-24T17:22:58.426+05:30  INFO 23756 --- [rideshare-api] [main] o.hibernate.jpa.internal.util.LogHelper  : HHH000204: Processing PersistenceUnitInfo [name: default]
2025-09-24T17:22:58.723+05:30  INFO 23756 --- [rideshare-api] [main] org.hibernate.Version                    : HHH000412: Hibernate ORM core version 6.6.29.Final
2025-09-24T17:22:58.869+05:30  INFO 23756 --- [rideshare-api] [main] o.h.c.internal.RegionFactoryInitiator    : HHH000026: Second-level cache disabled
2025-09-24T17:23:00.331+05:30  INFO 23756 --- [rideshare-api] [main] o.s.o.j.p.SpringPersistenceUnitInfo      : No LoadTimeWeaver setup: ignoring JPA class transformer
2025-09-24T17:23:00.462+05:30  INFO 23756 --- [rideshare-api] [main] com.zaxxer.hikari.HikariDataSource       : HikariPool-1 - Starting...
2025-09-24T17:23:01.142+05:30  INFO 23756 --- [rideshare-api] [main] com.zaxxer.hikari.pool.HikariPool        : HikariPool-1 - Added connection conn0: url=jdbc:h2:mem:rideshare user=SA
2025-09-24T17:23:01.147+05:30  INFO 23756 --- [rideshare-api] [main] com.zaxxer.hikari.HikariDataSource       : HikariPool-1 - Start completed.
2025-09-24T17:23:01.369+05:30  INFO 23756 --- [rideshare-api] [main] org.hibernate.orm.connections.pooling    : HHH10001005: Database info:
	Database JDBC URL [Connecting through datasource 'HikariDataSource (HikariPool-1)']
	Database driver: undefined/unknown
	Database version: 2.3.232
	Autocommit mode: undefined/unknown
	Isolation level: undefined/unknown
	Minimum pool size: undefined/unknown
	Maximum pool size: undefined/unknown
2025-09-24T17:23:03.022+05:30  INFO 23756 --- [rideshare-api] [main] o.h.e.t.j.p.i.JtaPlatformInitiator       : HHH000489: No JTA platform available (set 'hibernate.transaction.jta.platform' to enable JTA platform integration)
2025-09-24T17:23:03.146+05:30  INFO 23756 --- [rideshare-api] [main] j.LocalContainerEntityManagerFactoryBean : Initialized JPA EntityManagerFactory for persistence unit 'default'
2025-09-24T17:23:03.898+05:30  WARN 23756 --- [rideshare-api] [main] JpaBaseConfiguration$JpaWebConfiguration : spring.jpa.open-in-view is enabled by default. Therefore, database queries may be performed during view rendering. Explicitly configure spring.jpa.open-in-view to disable this warning
2025-09-24T17:23:04.532+05:30  INFO 23756 --- [rideshare-api] [main] o.s.b.a.h2.H2ConsoleAutoConfiguration    : H2 console available at '/h2-console'. Database available at 'jdbc:h2:mem:rideshare'
2025-09-24T17:23:04.698+05:30  INFO 23756 --- [rideshare-api] [main] o.s.b.t.m.w.SpringBootMockServletContext : Initializing Spring TestDispatcherServlet ''
2025-09-24T17:23:04.698+05:30  INFO 23756 --- [rideshare-api] [main] o.s.t.web.servlet.TestDispatcherServlet  : Initializing Servlet ''
2025-09-24T17:23:04.700+05:30  INFO 23756 --- [rideshare-api] [main] o.s.t.web.servlet.TestDispatcherServlet  : Completed initialization in 2 ms
2025-09-24T17:23:04.740+05:30  INFO 23756 --- [rideshare-api] [main] c.example.rideshare_api.DriverApiTest    : Started DriverApiTest in 14.872 seconds (process running for 26.409)
2025-09-24T17:23:05.715+05:30  INFO 23756 --- [rideshare-api] [main] c.e.r.driver.DriverController            : Creating driver name=Kamal vehicle=ABC-1234
2025-09-24T17:23:05.939+05:30  INFO 23756 --- [rideshare-api] [main] c.e.r.driver.DriverController            : Getting driver id=1
2025-09-24T17:23:06.105+05:30  INFO 23756 --- [rideshare-api] [main] c.e.r.driver.DriverController            : Listing drivers
2025-09-24T17:23:06.269+05:30  INFO 23756 --- [rideshare-api] [main] c.e.r.driver.DriverController            : Counting drivers
2025-09-24T17:23:06.714+05:30  INFO 23756 --- [rideshare-api] [main] c.e.r.driver.DriverController            : Creating driver name=Suren vehicle=DEF-5678
2025-09-24T17:23:06.732+05:30  INFO 23756 --- [rideshare-api] [main] c.e.r.driver.DriverController            : Editing driver id=2 name=Suren Updated vehicle=DEF-5678
2025-09-24T17:23:06.764+05:30  WARN 23756 --- [rideshare-api] [main] c.e.r.driver.DriverController            : Deleting driver id=2
2025-09-24T17:23:06.794+05:30  INFO 23756 --- [rideshare-api] [main] c.e.r.driver.DriverController            : Getting driver id=2
2025-09-24T17:23:06.824+05:30  INFO 23756 --- [rideshare-api] [main] t.c.s.AnnotationConfigContextLoaderUtils : Could not detect default configuration classes for test class [com.example.rideshare_api.PassengerApiTest]: PassengerApiTest does not declare any static, non-private, non-final, nested classes annotated with @Configuration.
2025-09-24T17:23:06.832+05:30  INFO 23756 --- [rideshare-api] [main] .b.t.c.SpringBootTestContextBootstrapper : Found @SpringBootConfiguration com.example.rideshare_api.RideshareApiApplication for test class com.example.rideshare_api.PassengerApiTest
2025-09-24T17:23:06.878+05:30  INFO 23756 --- [rideshare-api] [main] c.e.r.driver.DriverController            : Creating passenger name=Nisha phone=+94771234567
2025-09-24T17:23:06.891+05:30  INFO 23756 --- [rideshare-api] [main] c.e.r.driver.DriverController            : Getting passenger id=1
2025-09-24T17:23:06.908+05:30  INFO 23756 --- [rideshare-api] [main] c.e.r.driver.DriverController            : Editing passenger id=1 name=Nisha U phone=+94 77 123 4567
2025-09-24T17:23:06.915+05:30  INFO 23756 --- [rideshare-api] [main] c.e.r.driver.DriverController            : Counting passengers
2025-09-24T17:23:06.923+05:30  INFO 23756 --- [rideshare-api] [main] c.e.r.driver.DriverController            : Listing passengers
2025-09-24T17:23:06.932+05:30  WARN 23756 --- [rideshare-api] [main] c.e.r.driver.DriverController            : Deleting passenger id=1
2025-09-24T17:23:06.981+05:30  INFO 23756 --- [rideshare-api] [main] t.c.s.AnnotationConfigContextLoaderUtils : Could not detect default configuration classes for test class [com.example.rideshare_api.RideshareApiApplicationTests]: RideshareApiApplicationTests does not declare any static, non-private, non-final, nested classes annotated with @Configuration.
2025-09-24T17:23:06.988+05:30  INFO 23756 --- [rideshare-api] [main] .b.t.c.SpringBootTestContextBootstrapper : Found @SpringBootConfiguration com.example.rideshare_api.RideshareApiApplication for test class com.example.rideshare_api.RideshareApiApplicationTests
2025-09-24T17:23:07.045+05:30  INFO 23756 --- [rideshare-api] [main] c.e.r.RideshareApiApplicationTests       : Starting RideshareApiApplicationTests using Java 24.0.2 with PID 23756 (started by FUTURE TECH in C:\Users\FUTURE TECH\OneDrive\Desktop\SpringBootProjects\rideshare-api)
2025-09-24T17:23:07.045+05:30  INFO 23756 --- [rideshare-api] [main] c.e.r.RideshareApiApplicationTests       : No active profile set, falling back to 1 default profile: "default"
2025-09-24T17:23:07.338+05:30  INFO 23756 --- [rideshare-api] [main] .s.d.r.c.RepositoryConfigurationDelegate : Bootstrapping Spring Data JPA repositories in DEFAULT mode.
2025-09-24T17:23:07.354+05:30  INFO 23756 --- [rideshare-api] [main] .s.d.r.c.RepositoryConfigurationDelegate : Finished Spring Data repository scanning in 13 ms. Found 2 JPA repository interfaces.
2025-09-24T17:23:07.479+05:30  INFO 23756 --- [rideshare-api] [main] o.hibernate.jpa.internal.util.LogHelper  : HHH000204: Processing PersistenceUnitInfo [name: default]
2025-09-24T17:23:07.485+05:30  INFO 23756 --- [rideshare-api] [main] o.h.c.internal.RegionFactoryInitiator    : HHH000026: Second-level cache disabled
2025-09-24T17:23:07.500+05:30  INFO 23756 --- [rideshare-api] [main] o.s.o.j.p.SpringPersistenceUnitInfo      : No LoadTimeWeaver setup: ignoring JPA class transformer
2025-09-24T17:23:07.502+05:30  INFO 23756 --- [rideshare-api] [main] com.zaxxer.hikari.HikariDataSource       : HikariPool-2 - Starting...
2025-09-24T17:23:07.504+05:30  INFO 23756 --- [rideshare-api] [main] com.zaxxer.hikari.pool.HikariPool        : HikariPool-2 - Added connection conn10: url=jdbc:h2:mem:rideshare user=SA
2025-09-24T17:23:07.504+05:30  INFO 23756 --- [rideshare-api] [main] com.zaxxer.hikari.HikariDataSource       : HikariPool-2 - Start completed.
2025-09-24T17:23:07.505+05:30  INFO 23756 --- [rideshare-api] [main] org.hibernate.orm.connections.pooling    : HHH10001005: Database info:
	Database JDBC URL [Connecting through datasource 'HikariDataSource (HikariPool-2)']
	Database driver: undefined/unknown
	Database version: 2.3.232
	Autocommit mode: undefined/unknown
	Isolation level: undefined/unknown
	Minimum pool size: undefined/unknown
	Maximum pool size: undefined/unknown
2025-09-24T17:23:07.580+05:30  INFO 23756 --- [rideshare-api] [main] o.h.e.t.j.p.i.JtaPlatformInitiator       : HHH000489: No JTA platform available (set 'hibernate.transaction.jta.platform' to enable JTA platform integration)
2025-09-24T17:23:07.587+05:30  INFO 23756 --- [rideshare-api] [main] j.LocalContainerEntityManagerFactoryBean : Initialized JPA EntityManagerFactory for persistence unit 'default'
2025-09-24T17:23:07.797+05:30  WARN 23756 --- [rideshare-api] [main] JpaBaseConfiguration$JpaWebConfiguration : spring.jpa.open-in-view is enabled by default. Therefore, database queries may be performed during view rendering. Explicitly configure spring.jpa.open-in-view to disable this warning
2025-09-24T17:23:08.037+05:30  INFO 23756 --- [rideshare-api] [main] o.s.b.a.h2.H2ConsoleAutoConfiguration    : H2 console available at '/h2-console'. Database available at 'jdbc:h2:mem:rideshare'
2025-09-24T17:23:08.083+05:30  INFO 23756 --- [rideshare-api] [main] c.e.r.RideshareApiApplicationTests       : Started RideshareApiApplicationTests in 1.087 seconds (process running for 29.754)
2025-09-24T17:23:08.142+05:30  INFO 23756 --- [rideshare-api] [SpringApplicationShutdownHook] j.LocalContainerEntityManagerFactoryBean : Closing JPA EntityManagerFactory for persistence unit 'default'
2025-09-24T17:23:08.146+05:30  INFO 23756 --- [rideshare-api] [SpringApplicationShutdownHook] com.zaxxer.hikari.HikariDataSource       : HikariPool-1 - Shutdown initiated...
2025-09-24T17:23:08.151+05:30  INFO 23756 --- [rideshare-api] [SpringApplicationShutdownHook] com.zaxxer.hikari.HikariDataSource       : HikariPool-1 - Shutdown completed.
2025-09-24T17:23:08.156+05:30  INFO 23756 --- [rideshare-api] [SpringApplicationShutdownHook] j.LocalContainerEntityManagerFactoryBean : Closing JPA EntityManagerFactory for persistence unit 'default'
2025-09-24T17:23:08.157+05:30  INFO 23756 --- [rideshare-api] [SpringApplicationShutdownHook] com.zaxxer.hikari.HikariDataSource       : HikariPool-2 - Shutdown initiated...
2025-09-24T17:23:08.160+05:30  INFO 23756 --- [rideshare-api] [SpringApplicationShutdownHook] com.zaxxer.hikari.HikariDataSource       : HikariPool-2 - Shutdown completed.
